-------------------------------------------------------Theard 0 (139682551895808) -------------------------------------------------------
Hora de inicio: 21:43:29
Hora de finalización: 21:43:29

Archivo: /home/luz/Documentos/Scripts/C++/Ejercicio 2/Pruebas/otra carpeta/otra sub carpeta/sub otro archivo
Cantidad vocales: 0
Cantidad consonantes: 0
Cantidad "otros caracteres": 6
Cantidad total: 6

Archivo: /home/luz/Documentos/Scripts/C++/Ejercicio 2/Pruebas/otra carpeta/otro archivo
Cantidad vocales: 0
Cantidad consonantes: 0
Cantidad "otros caracteres": 9
Cantidad total: 9

Archivo: /home/luz/Documentos/Scripts/C++/Ejercicio 2/Pruebas/04_cv4_cc4_coc4
Cantidad vocales: 4
Cantidad consonantes: 4
Cantidad "otros caracteres": 4
Cantidad total: 12

-------------------------------------------------------Theard 1 (139682543503104) -------------------------------------------------------
Hora de inicio: 21:43:29
Hora de finalización: 21:43:29

Archivo: /home/luz/Documentos/Scripts/C++/Ejercicio 2/Pruebas/05 mayor caracteres totales
Cantidad vocales: 35
Cantidad consonantes: 147
Cantidad "otros caracteres": 0
Cantidad total: 182

Archivo: /home/luz/Documentos/Scripts/C++/Ejercicio 2/Pruebas/06 menor caracteres totales
Cantidad vocales: 1
Cantidad consonantes: 0
Cantidad "otros caracteres": 0
Cantidad total: 1

Archivo: /home/luz/Documentos/Scripts/C++/Ejercicio 2/Pruebas/01_cv0_cc2_coc_5
Cantidad vocales: 0
Cantidad consonantes: 2
Cantidad "otros caracteres": 5
Cantidad total: 7

-------------------------------------------------------Theard 2 (139682535110400) -------------------------------------------------------
Hora de inicio: 21:43:29
Hora de finalización: 21:43:29

Archivo: /home/luz/Documentos/Scripts/C++/Ejercicio 2/Pruebas/03_cv3_cc1_coc0
Cantidad vocales: 3
Cantidad consonantes: 1
Cantidad "otros caracteres": 0
Cantidad total: 4

Archivo: /home/luz/Documentos/Scripts/C++/Ejercicio 2/Pruebas/02_cv1_cc0_coc3
Cantidad vocales: 1
Cantidad consonantes: 0
Cantidad "otros caracteres": 3
Cantidad total: 4

